# JRE version: Java(TM) SE Runtime Environment (17.0.11+7) (build 17.0.11+7-LTS-207)
# Java VM: Java HotSpot(TM) 64-Bit Server VM (17.0.11+7-LTS-207, mixed mode, sharing, tiered, compressed oops, compressed class ptrs, g1 gc, windows-amd64)
GC Precious Log:
 CPUs: 8 total, 8 available
 Memory: 16217M
 Large Page Support: Disabled
 NUMA Support: Disabled
 Compressed Oops: Enabled (Zero based)
 Heap Region Size: 2M
 Heap Min Capacity: 8M
 Heap Initial Capacity: 254M
 Heap Max Capacity: 3G
 Pre-touch: Disabled
 Parallel Workers: 8
 Concurrent Workers: 2
 Concurrent Refinement Workers: 8
 Periodic GC: Disabled
Heap:
 garbage-first heap   total 598016K, used 315392K [0x0000000740000000, 0x0000000800000000)
  region size 2048K, 2 young (4096K), 2 survivors (4096K)
 Metaspace       used 81780K, committed 82432K, reserved 1179648K
  class space    used 11215K, committed 11520K, reserved 1048576K
GC Heap History (20 events):
Event: 15.428 GC heap after
{Heap after GC invocations=30 (full 0):
 garbage-first heap   total 278528K, used 111606K [0x0000000740000000, 0x0000000800000000)
  region size 2048K, 6 young (12288K), 6 survivors (12288K)
 Metaspace       used 79747K, committed 80320K, reserved 1179648K
  class space    used 10982K, committed 11264K, reserved 1048576K
}
Event: 16.165 GC heap before
{Heap before GC invocations=30 (full 0):
 garbage-first heap   total 278528K, used 205814K [0x0000000740000000, 0x0000000800000000)
  region size 2048K, 53 young (108544K), 6 survivors (12288K)
 Metaspace       used 81629K, committed 82240K, reserved 1179648K
  class space    used 11200K, committed 11456K, reserved 1048576K
}
Event: 16.192 GC heap after
{Heap after GC invocations=31 (full 0):
 garbage-first heap   total 278528K, used 155567K [0x0000000740000000, 0x0000000800000000)
  region size 2048K, 7 young (14336K), 7 survivors (14336K)
 Metaspace       used 81629K, committed 82240K, reserved 1179648K
  class space    used 11200K, committed 11456K, reserved 1048576K
}
Event: 16.264 GC heap before
{Heap before GC invocations=31 (full 0):
 garbage-first heap   total 278528K, used 202671K [0x0000000740000000, 0x0000000800000000)
  region size 2048K, 30 young (61440K), 7 survivors (14336K)
 Metaspace       used 81629K, committed 82240K, reserved 1179648K
  class space    used 11200K, committed 11456K, reserved 1048576K
}
Event: 16.288 GC heap after
{Heap after GC invocations=32 (full 0):
 garbage-first heap   total 278528K, used 187306K [0x0000000740000000, 0x0000000800000000)
  region size 2048K, 4 young (8192K), 4 survivors (8192K)
 Metaspace       used 81629K, committed 82240K, reserved 1179648K
  class space    used 11200K, committed 11456K, reserved 1048576K
}
Event: 16.342 GC heap before
{Heap before GC invocations=32 (full 0):
 garbage-first heap   total 278528K, used 213930K [0x0000000740000000, 0x0000000800000000)
  region size 2048K, 17 young (34816K), 4 survivors (8192K)
 Metaspace       used 81629K, committed 82240K, reserved 1179648K
  class space    used 11200K, committed 11456K, reserved 1048576K
}
Event: 16.356 GC heap after
{Heap after GC invocations=33 (full 0):
 garbage-first heap   total 278528K, used 206424K [0x0000000740000000, 0x0000000800000000)
  region size 2048K, 3 young (6144K), 3 survivors (6144K)
 Metaspace       used 81629K, committed 82240K, reserved 1179648K
  class space    used 11200K, committed 11456K, reserved 1048576K
}
Event: 16.421 GC heap before
{Heap before GC invocations=33 (full 0):
 garbage-first heap   total 278528K, used 222808K [0x0000000740000000, 0x0000000800000000)
  region size 2048K, 11 young (22528K), 3 survivors (6144K)
 Metaspace       used 81745K, committed 82432K, reserved 1179648K
  class space    used 11212K, committed 11520K, reserved 1048576K
}
Event: 16.435 GC heap after
{Heap after GC invocations=34 (full 0):
 garbage-first heap   total 557056K, used 218180K [0x0000000740000000, 0x0000000800000000)
  region size 2048K, 2 young (4096K), 2 survivors (4096K)
 Metaspace       used 81745K, committed 82432K, reserved 1179648K
  class space    used 11212K, committed 11520K, reserved 1048576K
}
Event: 16.832 GC heap before
{Heap before GC invocations=35 (full 0):
 garbage-first heap   total 557056K, used 355396K [0x0000000740000000, 0x0000000800000000)
  region size 2048K, 69 young (141312K), 2 survivors (4096K)
 Metaspace       used 81751K, committed 82432K, reserved 1179648K
  class space    used 11212K, committed 11520K, reserved 1048576K
}
Event: 16.873 GC heap after
{Heap after GC invocations=36 (full 0):
 garbage-first heap   total 557056K, used 276260K [0x0000000740000000, 0x0000000800000000)
  region size 2048K, 9 young (18432K), 9 survivors (18432K)
 Metaspace       used 81751K, committed 82432K, reserved 1179648K
  class space    used 11212K, committed 11520K, reserved 1048576K
}
Event: 16.903 GC heap before
{Heap before GC invocations=36 (full 0):
 garbage-first heap   total 557056K, used 284452K [0x0000000740000000, 0x0000000800000000)
  region size 2048K, 13 young (26624K), 9 survivors (18432K)
 Metaspace       used 81751K, committed 82432K, reserved 1179648K
  class space    used 11212K, committed 11520K, reserved 1048576K
}
Event: 16.929 GC heap after
{Heap after GC invocations=37 (full 0):
 garbage-first heap   total 557056K, used 279316K [0x0000000740000000, 0x0000000800000000)
  region size 2048K, 2 young (4096K), 2 survivors (4096K)
 Metaspace       used 81751K, committed 82432K, reserved 1179648K
  class space    used 11212K, committed 11520K, reserved 1048576K
}
Event: 17.003 GC heap before
{Heap before GC invocations=37 (full 0):
 garbage-first heap   total 557056K, used 383764K [0x0000000740000000, 0x0000000800000000)
  region size 2048K, 53 young (108544K), 2 survivors (4096K)
 Metaspace       used 81751K, committed 82432K, reserved 1179648K
  class space    used 11212K, committed 11520K, reserved 1048576K
}
Event: 17.015 GC heap after
{Heap after GC invocations=38 (full 0):
 garbage-first heap   total 557056K, used 303104K [0x0000000740000000, 0x0000000800000000)
  region size 2048K, 7 young (14336K), 7 survivors (14336K)
 Metaspace       used 81751K, committed 82432K, reserved 1179648K
  class space    used 11212K, committed 11520K, reserved 1048576K
}
Event: 17.125 GC heap before
{Heap before GC invocations=38 (full 0):
 garbage-first heap   total 557056K, used 403456K [0x0000000740000000, 0x0000000800000000)
  region size 2048K, 56 young (114688K), 7 survivors (14336K)
 Metaspace       used 81751K, committed 82432K, reserved 1179648K
  class space    used 11212K, committed 11520K, reserved 1048576K
}
Event: 17.149 GC heap after
{Heap after GC invocations=39 (full 0):
 garbage-first heap   total 557056K, used 334831K [0x0000000740000000, 0x0000000800000000)
  region size 2048K, 7 young (14336K), 7 survivors (14336K)
 Metaspace       used 81751K, committed 82432K, reserved 1179648K
  class space    used 11212K, committed 11520K, reserved 1048576K
}
Event: 17.481 GC heap before
{Heap before GC invocations=40 (full 0):
 garbage-first heap   total 598016K, used 408559K [0x0000000740000000, 0x0000000800000000)
  region size 2048K, 48 young (98304K), 7 survivors (14336K)
 Metaspace       used 81780K, committed 82432K, reserved 1179648K
  class space    used 11215K, committed 11520K, reserved 1048576K
}
Event: 17.517 GC heap after
{Heap after GC invocations=41 (full 0):
 garbage-first heap   total 598016K, used 359715K [0x0000000740000000, 0x0000000800000000)
  region size 2048K, 6 young (12288K), 6 survivors (12288K)
 Metaspace       used 81780K, committed 82432K, reserved 1179648K
  class space    used 11215K, committed 11520K, reserved 1048576K
}
Event: 17.574 GC heap before
{Heap before GC invocations=41 (full 0):
 garbage-first heap   total 598016K, used 376099K [0x0000000740000000, 0x0000000800000000)
  region size 2048K, 14 young (28672K), 6 survivors (12288K)
 Metaspace       used 81780K, committed 82432K, reserved 1179648K
  class space    used 11215K, committed 11520K, reserved 1048576K
}

